17:02:19.072 [main] INFO  c.g.e.GilbertApiElasticsearchApplication - Starting GilbertApiElasticsearchApplication on panzhen00 with PID 72652 (G:\GitHub\gilbert-api-elasticsearch\target\classes started by panzhen in G:\GitHub\gilbert-api-elasticsearch) 
17:02:19.076 [main] INFO  c.g.e.GilbertApiElasticsearchApplication - The following profiles are active: prod 
17:02:20.430 [main] INFO  c.g.e.GilbertApiElasticsearchApplication - Started GilbertApiElasticsearchApplication in 1.846 seconds (JVM running for 2.537) 
17:13:40.748 [main] ERROR o.s.boot.SpringApplication - Application run failed 
java.lang.NoSuchMethodError: org.springframework.boot.builder.SpringApplicationBuilder.<init>([Ljava/lang/Object;)V
	at org.springframework.cloud.bootstrap.BootstrapApplicationListener.bootstrapServiceContext(BootstrapApplicationListener.java:161)
	at org.springframework.cloud.bootstrap.BootstrapApplicationListener.onApplicationEvent(BootstrapApplicationListener.java:102)
	at org.springframework.cloud.bootstrap.BootstrapApplicationListener.onApplicationEvent(BootstrapApplicationListener.java:68)
	at org.springframework.context.event.SimpleApplicationEventMulticaster.doInvokeListener(SimpleApplicationEventMulticaster.java:172)
	at org.springframework.context.event.SimpleApplicationEventMulticaster.invokeListener(SimpleApplicationEventMulticaster.java:165)
	at org.springframework.context.event.SimpleApplicationEventMulticaster.multicastEvent(SimpleApplicationEventMulticaster.java:139)
	at org.springframework.context.event.SimpleApplicationEventMulticaster.multicastEvent(SimpleApplicationEventMulticaster.java:127)
	at org.springframework.boot.context.event.EventPublishingRunListener.environmentPrepared(EventPublishingRunListener.java:74)
	at org.springframework.boot.SpringApplicationRunListeners.environmentPrepared(SpringApplicationRunListeners.java:54)
	at org.springframework.boot.SpringApplication.prepareEnvironment(SpringApplication.java:358)
	at org.springframework.boot.SpringApplication.run(SpringApplication.java:317)
	at org.springframework.boot.SpringApplication.run(SpringApplication.java:1255)
	at org.springframework.boot.SpringApplication.run(SpringApplication.java:1243)
	at com.gilbert.elasticsearch.GilbertApiElasticsearchApplication.main(GilbertApiElasticsearchApplication.java:10)
17:14:24.900 [main] INFO  c.g.e.GilbertApiElasticsearchApplication - Starting GilbertApiElasticsearchApplication on panzhen00 with PID 101012 (G:\GitHub\gilbert-api-elasticsearch\target\classes started by panzhen in G:\GitHub\gilbert-api-elasticsearch) 
17:14:24.909 [main] INFO  c.g.e.GilbertApiElasticsearchApplication - The following profiles are active: prod 
17:14:28.443 [main] INFO  o.e.plugins.PluginsService - no modules loaded 
17:14:28.445 [main] INFO  o.e.plugins.PluginsService - loaded plugin [org.elasticsearch.index.reindex.ReindexPlugin] 
17:14:28.446 [main] INFO  o.e.plugins.PluginsService - loaded plugin [org.elasticsearch.join.ParentJoinPlugin] 
17:14:28.446 [main] INFO  o.e.plugins.PluginsService - loaded plugin [org.elasticsearch.percolator.PercolatorPlugin] 
17:14:28.446 [main] INFO  o.e.plugins.PluginsService - loaded plugin [org.elasticsearch.script.mustache.MustachePlugin] 
17:14:28.446 [main] INFO  o.e.plugins.PluginsService - loaded plugin [org.elasticsearch.transport.Netty3Plugin] 
17:14:28.446 [main] INFO  o.e.plugins.PluginsService - loaded plugin [org.elasticsearch.transport.Netty4Plugin] 
17:14:28.446 [main] INFO  o.e.plugins.PluginsService - loaded plugin [org.elasticsearch.xpack.XPackPlugin] 
17:14:30.311 [main] INFO  i.n.util.internal.PlatformDependent - Your platform does not provide complete low-level API for accessing direct buffers reliably. Unless explicitly requested, heap buffer will always be preferred to avoid potential system instability. 
17:14:52.853 [main] INFO  c.g.e.conf.ElasticsearchConfig - Init elasticsearch cluster dev-application start ... 
17:14:53.411 [main] INFO  c.g.e.GilbertApiElasticsearchApplication - Started GilbertApiElasticsearchApplication in 29.047 seconds (JVM running for 30.081) 
